{"timestamp":"2026-03-03T10:11:33+01:00","user_id":null,"endpoint":"\/st-cyprian-kagisha\/","method":"GET","request":[],"response":{"success":false,"message":"Route \/st-cyprian-kagisha not found"},"ip":"::1"}
{"timestamp":"2026-03-03T10:13:09+01:00","user_id":null,"endpoint":"\/st-cyprian-kagisha\/","method":"GET","request":[],"response":{"success":false,"message":"Route \/st-cyprian-kagisha not found"},"ip":"::1"}
{"timestamp":"2026-03-03T10:15:22+01:00","user_id":null,"endpoint":"\/st-cyprian-kagisha\/","method":"GET","request":[],"response":{"success":false,"message":"Route \/st-cyprian-kagisha not found"},"ip":"::1"}
{"timestamp":"2026-03-03T10:15:24+01:00","user_id":null,"endpoint":"\/st-cyprian-kagisha\/","method":"GET","request":[],"response":{"success":false,"message":"Route \/st-cyprian-kagisha not found"},"ip":"::1"}
{"timestamp":"2026-03-03T10:29:07+01:00","user_id":null,"endpoint":"\/st-cyprian-kagisha\/","method":"GET","request":[],"response":{"success":false,"message":"Route \/st-cyprian-kagisha not found"},"ip":"::1"}
{"timestamp":"2026-03-03T10:31:51+01:00","user_id":null,"endpoint":"\/st-cyprian-kagisha\/congregation","method":"GET","request":[],"response":{"success":false,"message":"Route \/st-cyprian-kagisha\/congregation not found"},"ip":"::1"}
{"timestamp":"2026-03-03T10:32:35+01:00","user_id":null,"endpoint":"\/st-cyprian-kagisha\/congregation\/index.php","method":"GET","request":[],"response":{"success":false,"message":"Route \/st-cyprian-kagisha\/congregation\/index.php not found"},"ip":"::1"}
{"timestamp":"2026-03-03T10:46:31+01:00","user_id":null,"endpoint":"\/st-cyprian-kagisha\/congregation\/","method":"GET","request":[],"response":{"success":false,"message":"Route \/st-cyprian-kagisha\/congregation not found"},"ip":"::1"}
{"timestamp":"2026-03-03T11:32:59+01:00","user_id":null,"endpoint":"\/st-cyprian-kagisha\/congregation\/","method":"GET","request":[],"response":{"success":false,"message":"Route \/st-cyprian-kagisha\/congregation not found"},"ip":"::1"}
{"timestamp":"2026-03-03T11:33:01+01:00","user_id":null,"endpoint":"\/st-cyprian-kagisha\/congregation\/","method":"GET","request":[],"response":{"success":false,"message":"Route \/st-cyprian-kagisha\/congregation not found"},"ip":"::1"}
{"timestamp":"2026-03-03T11:33:38+01:00","user_id":null,"endpoint":"\/st-cyprian-kagisha\/congregation\/","method":"GET","request":[],"response":{"success":false,"message":"Route \/st-cyprian-kagisha\/congregation not found"},"ip":"::1"}
{"timestamp":"2026-03-03T11:38:17+01:00","user_id":null,"endpoint":"\/st-cyprian-kagisha\/congregation\/index.php","method":"GET","request":[],"response":{"success":false,"message":"Route \/st-cyprian-kagisha\/congregation\/index.php not found"},"ip":"::1"}
{"timestamp":"2026-03-03T11:39:00+01:00","user_id":null,"endpoint":"\/st-cyprian-kagisha\/congregation\/contacts.php","method":"GET","request":[],"response":{"success":false,"message":"Route \/st-cyprian-kagisha\/congregation\/contacts.php not found"},"ip":"::1"}
{"timestamp":"2026-03-03T11:48:21+01:00","user_id":null,"endpoint":"\/st-cyprian-kagisha\/congregation\/contacts.php","method":"GET","request":[],"response":{"success":false,"message":"Route \/st-cyprian-kagisha\/congregation\/contacts.php not found"},"ip":"::1"}
{"timestamp":"2026-03-03T11:48:22+01:00","user_id":null,"endpoint":"\/st-cyprian-kagisha\/congregation\/contacts.php","method":"GET","request":[],"response":{"success":false,"message":"Route \/st-cyprian-kagisha\/congregation\/contacts.php not found"},"ip":"::1"}
{"timestamp":"2026-03-03T11:48:23+01:00","user_id":null,"endpoint":"\/st-cyprian-kagisha\/congregation\/contacts.php","method":"GET","request":[],"response":{"success":false,"message":"Route \/st-cyprian-kagisha\/congregation\/contacts.php not found"},"ip":"::1"}
{"timestamp":"2026-03-03T11:48:34+01:00","user_id":null,"endpoint":"\/st-cyprian-kagisha\/congregation\/index.php","method":"GET","request":[],"response":{"success":false,"message":"Route \/st-cyprian-kagisha\/congregation\/index.php not found"},"ip":"::1"}
{"timestamp":"2026-03-03T11:55:43+01:00","user_id":null,"endpoint":"\/hivex-labs\/","method":"GET","request":[],"response":{"success":false,"message":"Route \/hivex-labs not found"},"ip":"::1"}
{"timestamp":"2026-03-03T12:15:11+01:00","user_id":null,"endpoint":"\/hivex-labs\/USERS","method":"GET","request":[],"response":{"success":false,"message":"Route \/hivex-labs\/USERS not found"},"ip":"::1"}
{"timestamp":"2026-03-03T12:27:39+01:00","user_id":null,"endpoint":"\/st-cyprian-kagisha\/congregation\/index.php","method":"GET","request":[],"response":{"success":false,"message":"Route \/st-cyprian-kagisha\/congregation\/index.php not found"},"ip":"::1"}
{"timestamp":"2026-03-03T12:27:45+01:00","user_id":null,"endpoint":"\/st-cyprian-kagisha\/congregation\/","method":"GET","request":[],"response":{"success":false,"message":"Route \/st-cyprian-kagisha\/congregation not found"},"ip":"::1"}
{"timestamp":"2026-03-03T12:29:21+01:00","user_id":null,"endpoint":"\/hivex-labs\/USERS","method":"GET","request":[],"response":{"success":false,"message":"Route \/hivex-labs\/USERS not found"},"ip":"::1"}
{"timestamp":"2026-03-03T12:29:22+01:00","user_id":null,"endpoint":"\/hivex-labs\/USERS","method":"GET","request":[],"response":{"success":false,"message":"Route \/hivex-labs\/USERS not found"},"ip":"::1"}
{"timestamp":"2026-03-03T13:04:55+01:00","user_id":null,"endpoint":"\/","method":"GET","request":[],"response":{"success":true,"message":"Welcome to Penda API (GET)"},"ip":"127.0.0.1"}
{"timestamp":"2026-03-03T13:04:55+01:00","user_id":null,"endpoint":"\/favicon.ico","method":"GET","request":[],"response":{"success":false,"message":"Route \/favicon.ico not found"},"ip":"127.0.0.1"}
{"timestamp":"2026-03-03T13:04:56+01:00","user_id":null,"endpoint":"\/","method":"GET","request":[],"response":{"success":true,"message":"Welcome to Penda API (GET)"},"ip":"127.0.0.1"}
{"timestamp":"2026-03-03T13:04:56+01:00","user_id":null,"endpoint":"\/favicon.ico","method":"GET","request":[],"response":{"success":false,"message":"Route \/favicon.ico not found"},"ip":"127.0.0.1"}
